<?xml version="1.0" encoding="UTF-8"?>
<!-- Generated by org.testng.reporters.JUnitXMLReporter -->
<testsuite hostname="Yvonnes-MBP" ignored="0" name="Default test" tests="2" failures="0" timestamp="12 Apr 2018 23:26:57 GMT" time="14.991" errors="0">
  <testcase name="createAccountTest" time="0.334" classname="com.automationpractice.qa.testcases.SignInPageTest"/>
  <testcase name="createAccountTest" time="0.255" classname="com.automationpractice.qa.testcases.SignInPageTest"/>
</testsuite> <!-- Default test -->
