<?xml version="1.0" encoding="UTF-8"?>
<testng-results skipped="0" failed="0" ignored="0" total="2" passed="2">
  <reporter-output>
  </reporter-output>
  <suite name="Default suite" duration-ms="14991" started-at="2018-04-12T23:26:42Z" finished-at="2018-04-12T23:26:57Z">
    <groups>
    </groups>
    <test name="Default test" duration-ms="14991" started-at="2018-04-12T23:26:42Z" finished-at="2018-04-12T23:26:57Z">
      <class name="com.automationpractice.qa.testcases.SignInPageTest">
        <test-method status="PASS" signature="setUp()[pri:0, instance:com.automationpractice.qa.testcases.SignInPageTest@5f2108b5]" name="setUp" is-config="true" duration-ms="7236" started-at="2018-04-13T00:26:42Z" finished-at="2018-04-13T00:26:50Z">
          <reporter-output>
          </reporter-output>
        </test-method> <!-- setUp -->
        <test-method status="PASS" signature="createAccountTest(java.lang.String)[pri:1, instance:com.automationpractice.qa.testcases.SignInPageTest@5f2108b5]" name="createAccountTest" duration-ms="334" started-at="2018-04-13T00:26:50Z" data-provider="getAcctCreateData" finished-at="2018-04-13T00:26:50Z">
          <params>
            <param index="0">
              <value>
                <![CDATA[gorgeous5@msn.com]]>
              </value>
            </param>
          </params>
          <reporter-output>
          </reporter-output>
        </test-method> <!-- createAccountTest -->
        <test-method status="PASS" signature="tearDown()[pri:0, instance:com.automationpractice.qa.testcases.SignInPageTest@5f2108b5]" name="tearDown" is-config="true" duration-ms="0" started-at="2018-04-13T00:26:50Z" finished-at="2018-04-13T00:26:50Z">
          <reporter-output>
          </reporter-output>
        </test-method> <!-- tearDown -->
        <test-method status="PASS" signature="setUp()[pri:0, instance:com.automationpractice.qa.testcases.SignInPageTest@5f2108b5]" name="setUp" is-config="true" duration-ms="6914" started-at="2018-04-13T00:26:50Z" finished-at="2018-04-13T00:26:57Z">
          <reporter-output>
          </reporter-output>
        </test-method> <!-- setUp -->
        <test-method status="PASS" signature="createAccountTest(java.lang.String)[pri:1, instance:com.automationpractice.qa.testcases.SignInPageTest@5f2108b5]" name="createAccountTest" duration-ms="255" started-at="2018-04-13T00:26:57Z" data-provider="getAcctCreateData" finished-at="2018-04-13T00:26:57Z">
          <params>
            <param index="0">
              <value>
                <![CDATA[gorgeous6@msn.com]]>
              </value>
            </param>
          </params>
          <reporter-output>
          </reporter-output>
        </test-method> <!-- createAccountTest -->
        <test-method status="PASS" signature="tearDown()[pri:0, instance:com.automationpractice.qa.testcases.SignInPageTest@5f2108b5]" name="tearDown" is-config="true" duration-ms="0" started-at="2018-04-13T00:26:57Z" finished-at="2018-04-13T00:26:57Z">
          <reporter-output>
          </reporter-output>
        </test-method> <!-- tearDown -->
      </class> <!-- com.automationpractice.qa.testcases.SignInPageTest -->
    </test> <!-- Default test -->
  </suite> <!-- Default suite -->
</testng-results>
